<?xml version="1.0" encoding="UTF-8"?>
<!-- Generated by org.testng.reporters.JUnitReportReporter -->
<testsuite hostname="DESKTOP-F4S4O5V" failures="0" tests="3" name="TestNGPackage.KeywordsInTestNG" time="0.017" errors="0" timestamp="2022-06-15T20:43:48 IST" skipped="1">
  <testcase classname="TestNGPackage.KeywordsInTestNG" name="Mobiles" time="0.004"/>
  <system-out/>
  <testcase classname="TestNGPackage.KeywordsInTestNG" name="Mobiles" time="0.013"/>
  <system-out/>
  <testcase classname="TestNGPackage.KeywordsInTestNG" name="Login">
    <skipped/>
  </testcase> <!-- Login -->
  <system-out/>
</testsuite> <!-- TestNGPackage.KeywordsInTestNG -->
