<?xml version="1.0" encoding="UTF-8"?>
<!-- Generated by org.testng.reporters.JUnitReportReporter -->
<testsuite hostname="DESKTOP-F4S4O5V" failures="0" tests="1" name="TestNGPackage.TestngAnnotations" time="0.008" errors="0" timestamp="2022-06-14T20:03:22 IST" skipped="0">
  <testcase classname="TestNGPackage.TestngAnnotations" name="test" time="0.008"/>
  <system-out/>
</testsuite> <!-- TestNGPackage.TestngAnnotations -->
