<?xml version="1.0" encoding="UTF-8"?>
<!-- Generated by org.testng.reporters.JUnitReportReporter -->
<testsuite hostname="DESKTOP-F4S4O5V" failures="0" tests="4" name="TestNGPackage.TestNGAnnotationsAndKeywords" time="0.018" errors="0" timestamp="2022-06-21T09:45:14 IST" skipped="1">
  <testcase classname="TestNGPackage.TestNGAnnotationsAndKeywords" name="test1" time="0.006"/>
  <system-out/>
  <testcase classname="TestNGPackage.TestNGAnnotationsAndKeywords" name="test1" time="0.009"/>
  <system-out/>
  <testcase classname="TestNGPackage.TestNGAnnotationsAndKeywords" name="test2" time="0.003"/>
  <system-out/>
  <testcase classname="TestNGPackage.TestNGAnnotationsAndKeywords" name="test">
    <skipped/>
  </testcase> <!-- test -->
  <system-out/>
</testsuite> <!-- TestNGPackage.TestNGAnnotationsAndKeywords -->
