<?xml version="1.0" encoding="UTF-8"?>
<!-- Generated by org.testng.reporters.JUnitReportReporter -->
<testsuite hostname="DESKTOP-F4S4O5V" failures="0" tests="1" name="TestNGPackage.AssertionsProgram" time="0.024" errors="0" timestamp="2022-06-23T15:35:01 IST" skipped="0">
  <testcase classname="TestNGPackage.AssertionsProgram" name="demo" time="0.024"/>
  <system-out/>
</testsuite> <!-- TestNGPackage.AssertionsProgram -->
